Using pre-set license
Built from '2020.3/staging' branch; Version is '2020.3.26f1 (7298b473bc1a) revision 7510196'; Using compiler version '192528614'; Build Type 'Release'
OS: 'Windows 10  (10.0.19042) 64bit CoreSingleLanguage' Language: 'en' Physical Memory: 16226 MB
BatchMode: 1, IsHumanControllingUs: 0, StartBugReporterOnCrash: 0, Is64bit: 1, IsPro: 0

COMMAND LINE ARGUMENTS:
C:\Program Files\Unity\Hub\Editor\2020.3.26f1\Editor\Unity.exe
-adb2
-batchMode
-noUpm
-name
AssetImportWorker0
-projectPath
D:/GitHub/CollegeProjects/GPS2-TeamApplePi-SpaceTerminator/Space Terminator
-logFile
Logs/AssetImportWorker0.log
-srvPort
58956
Successfully changed project path to: D:/GitHub/CollegeProjects/GPS2-TeamApplePi-SpaceTerminator/Space Terminator
D:/GitHub/CollegeProjects/GPS2-TeamApplePi-SpaceTerminator/Space Terminator
Using Asset Import Pipeline V2.
Refreshing native plugins compatible for Editor in 29.68 ms, found 2 plugins.
Preloading 0 native plugins for Editor in 0.00 ms.
Initialize engine version: 2020.3.26f1 (7298b473bc1a)
[Subsystems] Discovering subsystems at path C:/Program Files/Unity/Hub/Editor/2020.3.26f1/Editor/Data/Resources/UnitySubsystems
[Subsystems] Discovering subsystems at path D:/GitHub/CollegeProjects/GPS2-TeamApplePi-SpaceTerminator/Space Terminator/Assets
GfxDevice: creating device client; threaded=0
Direct3D:
    Version:  Direct3D 11.0 [level 11.1]
    Renderer: NVIDIA GeForce GTX 1650 (ID=0x1f91)
    Vendor:   
    VRAM:     3962 MB
    Driver:   27.21.14.5167
Initialize mono
Mono path[0] = 'C:/Program Files/Unity/Hub/Editor/2020.3.26f1/Editor/Data/Managed'
Mono path[1] = 'C:/Program Files/Unity/Hub/Editor/2020.3.26f1/Editor/Data/MonoBleedingEdge/lib/mono/unityjit'
Mono config path = 'C:/Program Files/Unity/Hub/Editor/2020.3.26f1/Editor/Data/MonoBleedingEdge/etc'
Using monoOptions --debugger-agent=transport=dt_socket,embedding=1,server=y,suspend=n,address=127.0.0.1:56944
Begin MonoManager ReloadAssembly
Registering precompiled unity dll's ...
Register platform support module: C:/Program Files/Unity/Hub/Editor/2020.3.26f1/Editor/Data/PlaybackEngines/WindowsStandaloneSupport/UnityEditor.WindowsStandalone.Extensions.dll
Registered in 0.002226 seconds.
Native extension for WindowsStandalone target not found
Refreshing native plugins compatible for Editor in 29.29 ms, found 2 plugins.
Preloading 0 native plugins for Editor in 0.00 ms.
Mono: successfully reloaded assembly
- Completed reload, in  0.545 seconds
Domain Reload Profiling:
	ReloadAssembly (546ms)
		BeginReloadAssembly (56ms)
			ExecutionOrderSort (0ms)
			DisableScriptedObjects (0ms)
			BackupInstance (0ms)
			ReleaseScriptingObjects (0ms)
			CreateAndSetChildDomain (1ms)
		EndReloadAssembly (417ms)
			LoadAssemblies (54ms)
			RebuildTransferFunctionScriptingTraits (0ms)
			SetupTypeCache (148ms)
			ReleaseScriptCaches (0ms)
			RebuildScriptCaches (29ms)
			SetupLoadedEditorAssemblies (144ms)
				LogAssemblyErrors (0ms)
				InitializePlatformSupportModulesInManaged (4ms)
				SetLoadedEditorAssemblies (0ms)
				RefreshPlugins (29ms)
				BeforeProcessingInitializeOnLoad (15ms)
				ProcessInitializeOnLoadAttributes (71ms)
				ProcessInitializeOnLoadMethodAttributes (24ms)
				AfterProcessingInitializeOnLoad (0ms)
				EditorAssembliesLoaded (0ms)
			ExecutionOrderSort2 (0ms)
			AwakeInstancesAfterBackupRestoration (0ms)
Platform modules already initialized, skipping
Registering precompiled user dll's ...
Registered in 0.003563 seconds.
Begin MonoManager ReloadAssembly
Native extension for WindowsStandalone target not found
Refreshing native plugins compatible for Editor in 0.53 ms, found 2 plugins.
Preloading 0 native plugins for Editor in 0.00 ms.
Mono: successfully reloaded assembly
- Completed reload, in  1.039 seconds
Domain Reload Profiling:
	ReloadAssembly (1040ms)
		BeginReloadAssembly (139ms)
			ExecutionOrderSort (0ms)
			DisableScriptedObjects (4ms)
			BackupInstance (0ms)
			ReleaseScriptingObjects (0ms)
			CreateAndSetChildDomain (17ms)
		EndReloadAssembly (836ms)
			LoadAssemblies (88ms)
			RebuildTransferFunctionScriptingTraits (0ms)
			SetupTypeCache (306ms)
			ReleaseScriptCaches (0ms)
			RebuildScriptCaches (48ms)
			SetupLoadedEditorAssemblies (314ms)
				LogAssemblyErrors (0ms)
				InitializePlatformSupportModulesInManaged (4ms)
				SetLoadedEditorAssemblies (1ms)
				RefreshPlugins (1ms)
				BeforeProcessingInitializeOnLoad (86ms)
				ProcessInitializeOnLoadAttributes (207ms)
				ProcessInitializeOnLoadMethodAttributes (9ms)
				AfterProcessingInitializeOnLoad (7ms)
				EditorAssembliesLoaded (0ms)
			ExecutionOrderSort2 (0ms)
			AwakeInstancesAfterBackupRestoration (6ms)
Platform modules already initialized, skipping
========================================================================
Worker process is ready to serve import requests
Launched and connected shader compiler UnityShaderCompiler.exe after 0.05 seconds
Refreshing native plugins compatible for Editor in 0.50 ms, found 2 plugins.
Preloading 0 native plugins for Editor in 0.00 ms.
Unloading 1520 Unused Serialized files (Serialized files now loaded: 0)
System memory in use before: 69.6 MB.
System memory in use after: 69.7 MB.

Unloading 19 unused Assets to reduce memory usage. Loaded Objects now: 1952.
Total: 2.745800 ms (FindLiveObjects: 0.132700 ms CreateObjectMapping: 0.044100 ms MarkObjects: 2.502800 ms  DeleteObjects: 0.064800 ms)

AssetImportParameters requested are different than current active one (requested -> active):
  custom:framework-win-MediaFoundation: 216162199b28c13a410421893ffa2e32 -> 
  custom:video-decoder-ogg-theora: a1e56fd34408186e4bbccfd4996cb3dc -> 
  custom:container-muxer-webm: aa71ff27fc2769a1b78a27578f13a17b -> 
  custom:container-demuxer-webm: 4f35f7cbe854078d1ac9338744f61a02 -> 
  custom:container-demuxer-ogg: 62fdf1f143b41e24485cea50d1cbac27 -> 
  custom:video-encoder-webm-vp8: eb34c28f22e8b96e1ab97ce403110664 -> 
  custom:video-decoder-webm-vp8: 9c59270c3fd7afecdb556c50c9e8de78 -> 
  custom:audio-decoder-ogg-vorbis: bf7c407c2cedff20999df2af8eb42d56 -> 
  custom:audio-encoder-webm-vorbis: bf7c407c2cedff20999df2af8eb42d56 -> 
========================================================================
Received Prepare
Registering precompiled user dll's ...
Registered in 0.003402 seconds.
Begin MonoManager ReloadAssembly
Native extension for WindowsStandalone target not found
Refreshing native plugins compatible for Editor in 0.33 ms, found 2 plugins.
Preloading 0 native plugins for Editor in 0.00 ms.
Mono: successfully reloaded assembly
- Completed reload, in  0.921 seconds
Domain Reload Profiling:
	ReloadAssembly (922ms)
		BeginReloadAssembly (114ms)
			ExecutionOrderSort (0ms)
			DisableScriptedObjects (4ms)
			BackupInstance (0ms)
			ReleaseScriptingObjects (0ms)
			CreateAndSetChildDomain (33ms)
		EndReloadAssembly (744ms)
			LoadAssemblies (97ms)
			RebuildTransferFunctionScriptingTraits (0ms)
			SetupTypeCache (271ms)
			ReleaseScriptCaches (1ms)
			RebuildScriptCaches (33ms)
			SetupLoadedEditorAssemblies (261ms)
				LogAssemblyErrors (0ms)
				InitializePlatformSupportModulesInManaged (5ms)
				SetLoadedEditorAssemblies (1ms)
				RefreshPlugins (0ms)
				BeforeProcessingInitializeOnLoad (71ms)
				ProcessInitializeOnLoadAttributes (169ms)
				ProcessInitializeOnLoadMethodAttributes (8ms)
				AfterProcessingInitializeOnLoad (7ms)
				EditorAssembliesLoaded (0ms)
			ExecutionOrderSort2 (0ms)
			AwakeInstancesAfterBackupRestoration (6ms)
Platform modules already initialized, skipping
Refreshing native plugins compatible for Editor in 0.31 ms, found 2 plugins.
Preloading 0 native plugins for Editor in 0.00 ms.
Unloading 1514 Unused Serialized files (Serialized files now loaded: 0)
System memory in use before: 69.4 MB.
System memory in use after: 69.5 MB.

Unloading 14 unused Assets to reduce memory usage. Loaded Objects now: 1954.
Total: 2.631400 ms (FindLiveObjects: 0.139300 ms CreateObjectMapping: 0.044100 ms MarkObjects: 2.433000 ms  DeleteObjects: 0.013900 ms)

AssetImportParameters requested are different than current active one (requested -> active):
  custom:framework-win-MediaFoundation: 216162199b28c13a410421893ffa2e32 -> 
  custom:video-decoder-ogg-theora: a1e56fd34408186e4bbccfd4996cb3dc -> 
  custom:container-muxer-webm: aa71ff27fc2769a1b78a27578f13a17b -> 
  custom:container-demuxer-webm: 4f35f7cbe854078d1ac9338744f61a02 -> 
  custom:container-demuxer-ogg: 62fdf1f143b41e24485cea50d1cbac27 -> 
  custom:video-encoder-webm-vp8: eb34c28f22e8b96e1ab97ce403110664 -> 
  custom:video-decoder-webm-vp8: 9c59270c3fd7afecdb556c50c9e8de78 -> 
  custom:audio-decoder-ogg-vorbis: bf7c407c2cedff20999df2af8eb42d56 -> 
  custom:audio-encoder-webm-vorbis: bf7c407c2cedff20999df2af8eb42d56 -> 
========================================================================
Received Import Request.
  path: Assets/Arif/Behaviour Tree
  artifactKey: Guid(b444fa7a77a1a2f4b87aa678766556fd) Importer(815301076,1909f56bfc062723c751e8b465ee728b)
Start importing Assets/Arif/Behaviour Tree using Guid(b444fa7a77a1a2f4b87aa678766556fd) Importer(815301076,1909f56bfc062723c751e8b465ee728b)  -> (artifact id: 'e88d1cb282f8f1361fe871e528f103bc') in 0.003378 seconds 
  Import took 0.114514 seconds .

========================================================================
Received Import Request.
  Time since last request: 1.526033 seconds.
  path: Assets/BTree/LightingData.asset
  artifactKey: Guid(62cc8b6c8a10c4e33a91de7c0e677372) Importer(815301076,1909f56bfc062723c751e8b465ee728b)
Start importing Assets/BTree/LightingData.asset using Guid(62cc8b6c8a10c4e33a91de7c0e677372) Importer(815301076,1909f56bfc062723c751e8b465ee728b)  -> (artifact id: '5a2774bb77bd0689688f7fbb2e4ff1e2') in 0.039116 seconds 
  Import took 0.041689 seconds .

========================================================================
Received Import Request.
  Time since last request: 0.000281 seconds.
  path: Assets/BTree/ReflectionProbe-0.exr
  artifactKey: Guid(89b709067f1e642ecac950d02419706e) Importer(815301076,1909f56bfc062723c751e8b465ee728b)
Start importing Assets/BTree/ReflectionProbe-0.exr using Guid(89b709067f1e642ecac950d02419706e) Importer(815301076,1909f56bfc062723c751e8b465ee728b)  -> (artifact id: 'f6fc5cb65afa1772c8aa7f7373ee7a08') in 0.078168 seconds 
  Import took 0.080339 seconds .

========================================================================
Received Import Request.
  Time since last request: 0.000351 seconds.
  path: Assets/BTree/NavMesh.asset
  artifactKey: Guid(4398f1fedb8fb45699748aacbb84d6d2) Importer(815301076,1909f56bfc062723c751e8b465ee728b)
Start importing Assets/BTree/NavMesh.asset using Guid(4398f1fedb8fb45699748aacbb84d6d2) Importer(815301076,1909f56bfc062723c751e8b465ee728b)  -> (artifact id: '8deee8ee158f771a66caf0c51a001b2b') in 0.001759 seconds 
  Import took 0.003822 seconds .

========================================================================
Received Import Request.
  Time since last request: 3.173229 seconds.
  path: Assets/Materials/Black.mat
  artifactKey: Guid(53c331c64da8d4a74839d845515fd763) Importer(815301076,1909f56bfc062723c751e8b465ee728b)
Start importing Assets/Materials/Black.mat using Guid(53c331c64da8d4a74839d845515fd763) Importer(815301076,1909f56bfc062723c751e8b465ee728b)  -> (artifact id: '0f1c58fedfbbfdc6ce9deddd79e1b4a4') in 0.060731 seconds 
  Import took 0.063649 seconds .

========================================================================
Received Import Request.
  Time since last request: 0.000305 seconds.
  path: Assets/Models/diamond.fbx
  artifactKey: Guid(b6ba9efbaf70c475c8075d6050fcaed5) Importer(815301076,1909f56bfc062723c751e8b465ee728b)
Start importing Assets/Models/diamond.fbx using Guid(b6ba9efbaf70c475c8075d6050fcaed5) Importer(815301076,1909f56bfc062723c751e8b465ee728b)  -> (artifact id: 'cea0436faba0fb3b932cc0a571da824e') in 0.105112 seconds 
  Import took 0.108062 seconds .

========================================================================
Received Import Request.
  Time since last request: 0.000344 seconds.
  path: Assets/Materials/TexturesCom_Marble_TilesDiagonal_512_albedo.mat
  artifactKey: Guid(958448c5c075b4f60a4801dcf01e316e) Importer(815301076,1909f56bfc062723c751e8b465ee728b)
Start importing Assets/Materials/TexturesCom_Marble_TilesDiagonal_512_albedo.mat using Guid(958448c5c075b4f60a4801dcf01e316e) Importer(815301076,1909f56bfc062723c751e8b465ee728b)  -> (artifact id: 'e5867ef63e8c0940e061388adb212035') in 0.259466 seconds 
  Import took 0.261711 seconds .

========================================================================
Received Import Request.
  Time since last request: 0.000358 seconds.
  path: Assets/Models/logopurple.png
  artifactKey: Guid(9cf3bbe5e6f9d4834bc4cd491a17a2a8) Importer(815301076,1909f56bfc062723c751e8b465ee728b)
Start importing Assets/Models/logopurple.png using Guid(9cf3bbe5e6f9d4834bc4cd491a17a2a8) Importer(815301076,1909f56bfc062723c751e8b465ee728b)  -> (artifact id: 'a88e877072fa39c545857e1db38b16ea') in 0.014277 seconds 
  Import took 0.016603 seconds .

========================================================================
Received Import Request.
  Time since last request: 0.000333 seconds.
  path: Assets/Models/H3DDiamond.fbx
  artifactKey: Guid(a5028766c6c2448878d200bb33de1f59) Importer(815301076,1909f56bfc062723c751e8b465ee728b)
Start importing Assets/Models/H3DDiamond.fbx using Guid(a5028766c6c2448878d200bb33de1f59) Importer(815301076,1909f56bfc062723c751e8b465ee728b)  -> (artifact id: '850c96f00471107bac0e700449c24a3c') in 0.027404 seconds 
  Import took 0.030674 seconds .

========================================================================
Received Import Request.
  Time since last request: 0.000354 seconds.
  path: Assets/Scenes/SampleScene/LightingData.asset
  artifactKey: Guid(fbc3514c31fcc4853b2f608c04a8b146) Importer(815301076,1909f56bfc062723c751e8b465ee728b)
Start importing Assets/Scenes/SampleScene/LightingData.asset using Guid(fbc3514c31fcc4853b2f608c04a8b146) Importer(815301076,1909f56bfc062723c751e8b465ee728b)  -> (artifact id: '0a4ed9341bd8ba3daadf7ab8ea4ea72c') in 0.001930 seconds 
  Import took 0.005149 seconds .

========================================================================
Received Import Request.
  Time since last request: 0.000365 seconds.
  path: Assets/Scenes/SampleScene/ReflectionProbe-0.exr
  artifactKey: Guid(b6d72d442761d46b4a9c3df84a21ad9d) Importer(815301076,1909f56bfc062723c751e8b465ee728b)
Start importing Assets/Scenes/SampleScene/ReflectionProbe-0.exr using Guid(b6d72d442761d46b4a9c3df84a21ad9d) Importer(815301076,1909f56bfc062723c751e8b465ee728b)  -> (artifact id: '91792444e1e0b1ee87c82df37a5d127b') in 0.009058 seconds 
  Import took 0.011398 seconds .

========================================================================
Received Import Request.
  Time since last request: 0.000374 seconds.
  path: Assets/Materials/Purple.mat
  artifactKey: Guid(a8fa4b2e41fcd421d9a60164ad89a401) Importer(815301076,1909f56bfc062723c751e8b465ee728b)
Start importing Assets/Materials/Purple.mat using Guid(a8fa4b2e41fcd421d9a60164ad89a401) Importer(815301076,1909f56bfc062723c751e8b465ee728b)  -> (artifact id: '17e62340266bf8a2941326bfd727dc75') in 0.006503 seconds 
  Import took 0.008683 seconds .

========================================================================
Received Import Request.
  Time since last request: 0.000321 seconds.
  path: Assets/Models/van.fbx
  artifactKey: Guid(647a124cd5c1147a793fcacc25f6be1a) Importer(815301076,1909f56bfc062723c751e8b465ee728b)
Start importing Assets/Models/van.fbx using Guid(647a124cd5c1147a793fcacc25f6be1a) Importer(815301076,1909f56bfc062723c751e8b465ee728b)  -> (artifact id: 'a0a8bc4f66a0c4fbd390bbf22b9221dc') in 0.042047 seconds 
  Import took 0.044487 seconds .

========================================================================
Received Import Request.
  Time since last request: 0.000318 seconds.
  path: Assets/Scenes/SampleScene/NavMesh.asset
  artifactKey: Guid(014799533e349432fbf2148c8d185f8e) Importer(815301076,1909f56bfc062723c751e8b465ee728b)
Start importing Assets/Scenes/SampleScene/NavMesh.asset using Guid(014799533e349432fbf2148c8d185f8e) Importer(815301076,1909f56bfc062723c751e8b465ee728b)  -> (artifact id: 'c725789afe869c7275a444731b37323d') in 0.001598 seconds 
  Import took 0.003570 seconds .

========================================================================
Received Import Request.
  Time since last request: 15.499405 seconds.
  path: Assets/Textures/TexturesCom_Marble_TilesDiagonal_512_albedo.tif
  artifactKey: Guid(320e84e25183449b5882546b3559dd5c) Importer(815301076,1909f56bfc062723c751e8b465ee728b)
Start importing Assets/Textures/TexturesCom_Marble_TilesDiagonal_512_albedo.tif using Guid(320e84e25183449b5882546b3559dd5c) Importer(815301076,1909f56bfc062723c751e8b465ee728b)  -> (artifact id: 'dedbdc257dddd5e75ec5bd0198649293') in 0.010838 seconds 
  Import took 0.013302 seconds .

========================================================================
Received Import Request.
  Time since last request: 0.000371 seconds.
  path: Assets/Textures/TexturesCom_Marble_TilesDiagonal_512_normal.tif
  artifactKey: Guid(2d5727d5a2f2240f3ab4b8dd5e41a63d) Importer(815301076,1909f56bfc062723c751e8b465ee728b)
Start importing Assets/Textures/TexturesCom_Marble_TilesDiagonal_512_normal.tif using Guid(2d5727d5a2f2240f3ab4b8dd5e41a63d) Importer(815301076,1909f56bfc062723c751e8b465ee728b)  -> (artifact id: 'e3609621a00b000a8628279d7ab16d80') in 0.010164 seconds 
  Import took 0.012601 seconds .

========================================================================
Received Import Request.
  Time since last request: 0.000465 seconds.
  path: Assets/Textures/TexturesCom_Marble_TilesDiagonal_512_roughness.tif
  artifactKey: Guid(b660c2bf655994fe9804d72186051247) Importer(815301076,1909f56bfc062723c751e8b465ee728b)
Start importing Assets/Textures/TexturesCom_Marble_TilesDiagonal_512_roughness.tif using Guid(b660c2bf655994fe9804d72186051247) Importer(815301076,1909f56bfc062723c751e8b465ee728b)  -> (artifact id: 'b0811eeae97cb2afd0623d3080d18a9e') in 0.028966 seconds 
  Import took 0.031232 seconds .

========================================================================
Received Import Request.
  Time since last request: 0.000351 seconds.
  path: Assets/Textures/TexturesCom_Marble_TilesDiagonal_512_height.tif
  artifactKey: Guid(9f01b772434a14070a68eb9888191807) Importer(815301076,1909f56bfc062723c751e8b465ee728b)
Start importing Assets/Textures/TexturesCom_Marble_TilesDiagonal_512_height.tif using Guid(9f01b772434a14070a68eb9888191807) Importer(815301076,1909f56bfc062723c751e8b465ee728b)  -> (artifact id: '419ba41b1419f492b414acf3ecb9d1f6') in 0.006173 seconds 
  Import took 0.008362 seconds .

========================================================================
Received Import Request.
  Time since last request: 2.795303 seconds.
  path: Assets/Arif/Behaviour Tree/Models/H3DDiamond.fbx
  artifactKey: Guid(a5028766c6c2448878d200bb33de1f59) Importer(815301076,1909f56bfc062723c751e8b465ee728b)
Start importing Assets/Arif/Behaviour Tree/Models/H3DDiamond.fbx using Guid(a5028766c6c2448878d200bb33de1f59) Importer(815301076,1909f56bfc062723c751e8b465ee728b)  -> (artifact id: 'b67da625ba8c63c967b289594b9e389b') in 0.023538 seconds 
  Import took 0.026113 seconds .

========================================================================
Received Prepare
Registering precompiled user dll's ...
Registered in 0.004589 seconds.
Begin MonoManager ReloadAssembly
Native extension for WindowsStandalone target not found
Refreshing native plugins compatible for Editor in 0.35 ms, found 2 plugins.
Preloading 0 native plugins for Editor in 0.00 ms.
Mono: successfully reloaded assembly
- Completed reload, in  0.897 seconds
Domain Reload Profiling:
	ReloadAssembly (898ms)
		BeginReloadAssembly (110ms)
			ExecutionOrderSort (0ms)
			DisableScriptedObjects (3ms)
			BackupInstance (0ms)
			ReleaseScriptingObjects (0ms)
			CreateAndSetChildDomain (32ms)
		EndReloadAssembly (722ms)
			LoadAssemblies (86ms)
			RebuildTransferFunctionScriptingTraits (0ms)
			SetupTypeCache (270ms)
			ReleaseScriptCaches (1ms)
			RebuildScriptCaches (37ms)
			SetupLoadedEditorAssemblies (250ms)
				LogAssemblyErrors (0ms)
				InitializePlatformSupportModulesInManaged (4ms)
				SetLoadedEditorAssemblies (0ms)
				RefreshPlugins (0ms)
				BeforeProcessingInitializeOnLoad (65ms)
				ProcessInitializeOnLoadAttributes (164ms)
				ProcessInitializeOnLoadMethodAttributes (8ms)
				AfterProcessingInitializeOnLoad (8ms)
				EditorAssembliesLoaded (0ms)
			ExecutionOrderSort2 (0ms)
			AwakeInstancesAfterBackupRestoration (6ms)
Platform modules already initialized, skipping
Refreshing native plugins compatible for Editor in 0.31 ms, found 2 plugins.
Preloading 0 native plugins for Editor in 0.00 ms.
Unloading 1514 Unused Serialized files (Serialized files now loaded: 0)
System memory in use before: 73.0 MB.
System memory in use after: 73.1 MB.

Unloading 14 unused Assets to reduce memory usage. Loaded Objects now: 2004.
Total: 2.618500 ms (FindLiveObjects: 0.124800 ms CreateObjectMapping: 0.037800 ms MarkObjects: 2.441400 ms  DeleteObjects: 0.013600 ms)

AssetImportParameters requested are different than current active one (requested -> active):
  custom:framework-win-MediaFoundation: 216162199b28c13a410421893ffa2e32 -> 
  custom:video-decoder-ogg-theora: a1e56fd34408186e4bbccfd4996cb3dc -> 
  custom:container-muxer-webm: aa71ff27fc2769a1b78a27578f13a17b -> 
  custom:container-demuxer-webm: 4f35f7cbe854078d1ac9338744f61a02 -> 
  custom:container-demuxer-ogg: 62fdf1f143b41e24485cea50d1cbac27 -> 
  custom:video-encoder-webm-vp8: eb34c28f22e8b96e1ab97ce403110664 -> 
  custom:video-decoder-webm-vp8: 9c59270c3fd7afecdb556c50c9e8de78 -> 
  custom:audio-decoder-ogg-vorbis: bf7c407c2cedff20999df2af8eb42d56 -> 
  custom:audio-encoder-webm-vorbis: bf7c407c2cedff20999df2af8eb42d56 -> 
========================================================================
Received Prepare
Registering precompiled user dll's ...
Registered in 0.003342 seconds.
Begin MonoManager ReloadAssembly
Native extension for WindowsStandalone target not found
Refreshing native plugins compatible for Editor in 0.57 ms, found 2 plugins.
Preloading 0 native plugins for Editor in 0.00 ms.
Mono: successfully reloaded assembly
- Completed reload, in  0.966 seconds
Domain Reload Profiling:
	ReloadAssembly (966ms)
		BeginReloadAssembly (114ms)
			ExecutionOrderSort (0ms)
			DisableScriptedObjects (6ms)
			BackupInstance (0ms)
			ReleaseScriptingObjects (0ms)
			CreateAndSetChildDomain (35ms)
		EndReloadAssembly (785ms)
			LoadAssemblies (92ms)
			RebuildTransferFunctionScriptingTraits (0ms)
			SetupTypeCache (263ms)
			ReleaseScriptCaches (1ms)
			RebuildScriptCaches (35ms)
			SetupLoadedEditorAssemblies (317ms)
				LogAssemblyErrors (0ms)
				InitializePlatformSupportModulesInManaged (5ms)
				SetLoadedEditorAssemblies (1ms)
				RefreshPlugins (1ms)
				BeforeProcessingInitializeOnLoad (85ms)
				ProcessInitializeOnLoadAttributes (211ms)
				ProcessInitializeOnLoadMethodAttributes (8ms)
				AfterProcessingInitializeOnLoad (7ms)
				EditorAssembliesLoaded (0ms)
			ExecutionOrderSort2 (0ms)
			AwakeInstancesAfterBackupRestoration (6ms)
Platform modules already initialized, skipping
Refreshing native plugins compatible for Editor in 0.33 ms, found 2 plugins.
Preloading 0 native plugins for Editor in 0.00 ms.
Unloading 1514 Unused Serialized files (Serialized files now loaded: 0)
System memory in use before: 73.1 MB.
System memory in use after: 73.2 MB.

Unloading 14 unused Assets to reduce memory usage. Loaded Objects now: 2006.
Total: 2.596300 ms (FindLiveObjects: 0.129900 ms CreateObjectMapping: 0.039000 ms MarkObjects: 2.411400 ms  DeleteObjects: 0.015000 ms)

AssetImportParameters requested are different than current active one (requested -> active):
  custom:framework-win-MediaFoundation: 216162199b28c13a410421893ffa2e32 -> 
  custom:video-decoder-ogg-theora: a1e56fd34408186e4bbccfd4996cb3dc -> 
  custom:container-muxer-webm: aa71ff27fc2769a1b78a27578f13a17b -> 
  custom:container-demuxer-webm: 4f35f7cbe854078d1ac9338744f61a02 -> 
  custom:container-demuxer-ogg: 62fdf1f143b41e24485cea50d1cbac27 -> 
  custom:video-encoder-webm-vp8: eb34c28f22e8b96e1ab97ce403110664 -> 
  custom:video-decoder-webm-vp8: 9c59270c3fd7afecdb556c50c9e8de78 -> 
  custom:audio-decoder-ogg-vorbis: bf7c407c2cedff20999df2af8eb42d56 -> 
  custom:audio-encoder-webm-vorbis: bf7c407c2cedff20999df2af8eb42d56 -> 
========================================================================
Received Prepare
Registering precompiled user dll's ...
Registered in 0.003331 seconds.
Begin MonoManager ReloadAssembly
Native extension for WindowsStandalone target not found
Refreshing native plugins compatible for Editor in 0.32 ms, found 2 plugins.
Preloading 0 native plugins for Editor in 0.00 ms.
Mono: successfully reloaded assembly
- Completed reload, in  0.876 seconds
Domain Reload Profiling:
	ReloadAssembly (876ms)
		BeginReloadAssembly (102ms)
			ExecutionOrderSort (0ms)
			DisableScriptedObjects (4ms)
			BackupInstance (0ms)
			ReleaseScriptingObjects (0ms)
			CreateAndSetChildDomain (27ms)
		EndReloadAssembly (715ms)
			LoadAssemblies (83ms)
			RebuildTransferFunctionScriptingTraits (0ms)
			SetupTypeCache (270ms)
			ReleaseScriptCaches (1ms)
			RebuildScriptCaches (34ms)
			SetupLoadedEditorAssemblies (249ms)
				LogAssemblyErrors (0ms)
				InitializePlatformSupportModulesInManaged (4ms)
				SetLoadedEditorAssemblies (0ms)
				RefreshPlugins (0ms)
				BeforeProcessingInitializeOnLoad (65ms)
				ProcessInitializeOnLoadAttributes (164ms)
				ProcessInitializeOnLoadMethodAttributes (8ms)
				AfterProcessingInitializeOnLoad (7ms)
				EditorAssembliesLoaded (0ms)
			ExecutionOrderSort2 (0ms)
			AwakeInstancesAfterBackupRestoration (6ms)
Platform modules already initialized, skipping
Refreshing native plugins compatible for Editor in 0.31 ms, found 2 plugins.
Preloading 0 native plugins for Editor in 0.00 ms.
Unloading 1514 Unused Serialized files (Serialized files now loaded: 0)
System memory in use before: 73.1 MB.
System memory in use after: 73.2 MB.

Unloading 14 unused Assets to reduce memory usage. Loaded Objects now: 2008.
Total: 2.541200 ms (FindLiveObjects: 0.129600 ms CreateObjectMapping: 0.043000 ms MarkObjects: 2.353900 ms  DeleteObjects: 0.013900 ms)

AssetImportParameters requested are different than current active one (requested -> active):
  custom:framework-win-MediaFoundation: 216162199b28c13a410421893ffa2e32 -> 
  custom:video-decoder-ogg-theora: a1e56fd34408186e4bbccfd4996cb3dc -> 
  custom:container-muxer-webm: aa71ff27fc2769a1b78a27578f13a17b -> 
  custom:container-demuxer-webm: 4f35f7cbe854078d1ac9338744f61a02 -> 
  custom:container-demuxer-ogg: 62fdf1f143b41e24485cea50d1cbac27 -> 
  custom:video-encoder-webm-vp8: eb34c28f22e8b96e1ab97ce403110664 -> 
  custom:video-decoder-webm-vp8: 9c59270c3fd7afecdb556c50c9e8de78 -> 
  custom:audio-decoder-ogg-vorbis: bf7c407c2cedff20999df2af8eb42d56 -> 
  custom:audio-encoder-webm-vorbis: bf7c407c2cedff20999df2af8eb42d56 -> 
========================================================================
Received Prepare
Registering precompiled user dll's ...
Registered in 0.004311 seconds.
Begin MonoManager ReloadAssembly
Native extension for WindowsStandalone target not found
Refreshing native plugins compatible for Editor in 0.31 ms, found 2 plugins.
Preloading 0 native plugins for Editor in 0.00 ms.
Mono: successfully reloaded assembly
- Completed reload, in  0.858 seconds
Domain Reload Profiling:
	ReloadAssembly (858ms)
		BeginReloadAssembly (100ms)
			ExecutionOrderSort (0ms)
			DisableScriptedObjects (4ms)
			BackupInstance (0ms)
			ReleaseScriptingObjects (0ms)
			CreateAndSetChildDomain (27ms)
		EndReloadAssembly (700ms)
			LoadAssemblies (83ms)
			RebuildTransferFunctionScriptingTraits (0ms)
			SetupTypeCache (255ms)
			ReleaseScriptCaches (1ms)
			RebuildScriptCaches (34ms)
			SetupLoadedEditorAssemblies (250ms)
				LogAssemblyErrors (0ms)
				InitializePlatformSupportModulesInManaged (4ms)
				SetLoadedEditorAssemblies (0ms)
				RefreshPlugins (0ms)
				BeforeProcessingInitializeOnLoad (65ms)
				ProcessInitializeOnLoadAttributes (165ms)
				ProcessInitializeOnLoadMethodAttributes (8ms)
				AfterProcessingInitializeOnLoad (7ms)
				EditorAssembliesLoaded (0ms)
			ExecutionOrderSort2 (0ms)
			AwakeInstancesAfterBackupRestoration (6ms)
Platform modules already initialized, skipping
Refreshing native plugins compatible for Editor in 0.31 ms, found 2 plugins.
Preloading 0 native plugins for Editor in 0.00 ms.
Unloading 1514 Unused Serialized files (Serialized files now loaded: 0)
System memory in use before: 73.1 MB.
System memory in use after: 73.2 MB.

Unloading 14 unused Assets to reduce memory usage. Loaded Objects now: 2010.
Total: 2.614700 ms (FindLiveObjects: 0.127600 ms CreateObjectMapping: 0.041800 ms MarkObjects: 2.430300 ms  DeleteObjects: 0.014200 ms)

AssetImportParameters requested are different than current active one (requested -> active):
  custom:framework-win-MediaFoundation: 216162199b28c13a410421893ffa2e32 -> 
  custom:video-decoder-ogg-theora: a1e56fd34408186e4bbccfd4996cb3dc -> 
  custom:container-muxer-webm: aa71ff27fc2769a1b78a27578f13a17b -> 
  custom:container-demuxer-webm: 4f35f7cbe854078d1ac9338744f61a02 -> 
  custom:container-demuxer-ogg: 62fdf1f143b41e24485cea50d1cbac27 -> 
  custom:video-encoder-webm-vp8: eb34c28f22e8b96e1ab97ce403110664 -> 
  custom:video-decoder-webm-vp8: 9c59270c3fd7afecdb556c50c9e8de78 -> 
  custom:audio-decoder-ogg-vorbis: bf7c407c2cedff20999df2af8eb42d56 -> 
  custom:audio-encoder-webm-vorbis: bf7c407c2cedff20999df2af8eb42d56 -> 
========================================================================
Received Import Request.
  Time since last request: 27.839598 seconds.
  path: Assets/Arif/Turn-Based Mechanic
  artifactKey: Guid(da7dc4b580c31f1459bd9463523e0265) Importer(815301076,1909f56bfc062723c751e8b465ee728b)
Start importing Assets/Arif/Turn-Based Mechanic using Guid(da7dc4b580c31f1459bd9463523e0265) Importer(815301076,1909f56bfc062723c751e8b465ee728b)  -> (artifact id: '046171d4f9de7633ce10c31ce61798a8') in 0.003580 seconds 
  Import took 0.006042 seconds .

========================================================================
Received Prepare
Registering precompiled user dll's ...
Registered in 0.003361 seconds.
Begin MonoManager ReloadAssembly
Native extension for WindowsStandalone target not found
Refreshing native plugins compatible for Editor in 0.39 ms, found 2 plugins.
Preloading 0 native plugins for Editor in 0.00 ms.
Mono: successfully reloaded assembly
- Completed reload, in  1.030 seconds
Domain Reload Profiling:
	ReloadAssembly (1030ms)
		BeginReloadAssembly (107ms)
			ExecutionOrderSort (0ms)
			DisableScriptedObjects (4ms)
			BackupInstance (0ms)
			ReleaseScriptingObjects (0ms)
			CreateAndSetChildDomain (26ms)
		EndReloadAssembly (864ms)
			LoadAssemblies (95ms)
			RebuildTransferFunctionScriptingTraits (0ms)
			SetupTypeCache (312ms)
			ReleaseScriptCaches (1ms)
			RebuildScriptCaches (42ms)
			SetupLoadedEditorAssemblies (303ms)
				LogAssemblyErrors (0ms)
				InitializePlatformSupportModulesInManaged (5ms)
				SetLoadedEditorAssemblies (1ms)
				RefreshPlugins (0ms)
				BeforeProcessingInitializeOnLoad (97ms)
				ProcessInitializeOnLoadAttributes (179ms)
				ProcessInitializeOnLoadMethodAttributes (11ms)
				AfterProcessingInitializeOnLoad (10ms)
				EditorAssembliesLoaded (0ms)
			ExecutionOrderSort2 (0ms)
			AwakeInstancesAfterBackupRestoration (8ms)
Platform modules already initialized, skipping
Refreshing native plugins compatible for Editor in 1.04 ms, found 2 plugins.
Preloading 0 native plugins for Editor in 0.00 ms.
Unloading 1514 Unused Serialized files (Serialized files now loaded: 0)
System memory in use before: 73.1 MB.
System memory in use after: 73.2 MB.

Unloading 14 unused Assets to reduce memory usage. Loaded Objects now: 2012.
Total: 2.553900 ms (FindLiveObjects: 0.155700 ms CreateObjectMapping: 0.067500 ms MarkObjects: 2.281900 ms  DeleteObjects: 0.047900 ms)

AssetImportParameters requested are different than current active one (requested -> active):
  custom:framework-win-MediaFoundation: 216162199b28c13a410421893ffa2e32 -> 
  custom:video-decoder-ogg-theora: a1e56fd34408186e4bbccfd4996cb3dc -> 
  custom:container-muxer-webm: aa71ff27fc2769a1b78a27578f13a17b -> 
  custom:container-demuxer-webm: 4f35f7cbe854078d1ac9338744f61a02 -> 
  custom:container-demuxer-ogg: 62fdf1f143b41e24485cea50d1cbac27 -> 
  custom:video-encoder-webm-vp8: eb34c28f22e8b96e1ab97ce403110664 -> 
  custom:video-decoder-webm-vp8: 9c59270c3fd7afecdb556c50c9e8de78 -> 
  custom:audio-decoder-ogg-vorbis: bf7c407c2cedff20999df2af8eb42d56 -> 
  custom:audio-encoder-webm-vorbis: bf7c407c2cedff20999df2af8eb42d56 -> 
========================================================================
Received Prepare
Registering precompiled user dll's ...
Registered in 0.003318 seconds.
Begin MonoManager ReloadAssembly
Native extension for WindowsStandalone target not found
Refreshing native plugins compatible for Editor in 0.32 ms, found 2 plugins.
Preloading 0 native plugins for Editor in 0.00 ms.
Mono: successfully reloaded assembly
- Completed reload, in  0.877 seconds
Domain Reload Profiling:
	ReloadAssembly (877ms)
		BeginReloadAssembly (102ms)
			ExecutionOrderSort (0ms)
			DisableScriptedObjects (4ms)
			BackupInstance (0ms)
			ReleaseScriptingObjects (0ms)
			CreateAndSetChildDomain (27ms)
		EndReloadAssembly (710ms)
			LoadAssemblies (81ms)
			RebuildTransferFunctionScriptingTraits (0ms)
			SetupTypeCache (268ms)
			ReleaseScriptCaches (1ms)
			RebuildScriptCaches (33ms)
			SetupLoadedEditorAssemblies (249ms)
				LogAssemblyErrors (0ms)
				InitializePlatformSupportModulesInManaged (4ms)
				SetLoadedEditorAssemblies (0ms)
				RefreshPlugins (0ms)
				BeforeProcessingInitializeOnLoad (67ms)
				ProcessInitializeOnLoadAttributes (162ms)
				ProcessInitializeOnLoadMethodAttributes (8ms)
				AfterProcessingInitializeOnLoad (7ms)
				EditorAssembliesLoaded (0ms)
			ExecutionOrderSort2 (0ms)
			AwakeInstancesAfterBackupRestoration (6ms)
Platform modules already initialized, skipping
Refreshing native plugins compatible for Editor in 0.35 ms, found 2 plugins.
Preloading 0 native plugins for Editor in 0.00 ms.
Unloading 1514 Unused Serialized files (Serialized files now loaded: 0)
System memory in use before: 73.1 MB.
System memory in use after: 73.2 MB.

Unloading 14 unused Assets to reduce memory usage. Loaded Objects now: 2014.
Total: 2.430900 ms (FindLiveObjects: 0.119700 ms CreateObjectMapping: 0.045500 ms MarkObjects: 2.249200 ms  DeleteObjects: 0.015700 ms)

AssetImportParameters requested are different than current active one (requested -> active):
  custom:framework-win-MediaFoundation: 216162199b28c13a410421893ffa2e32 -> 
  custom:video-decoder-ogg-theora: a1e56fd34408186e4bbccfd4996cb3dc -> 
  custom:container-muxer-webm: aa71ff27fc2769a1b78a27578f13a17b -> 
  custom:container-demuxer-webm: 4f35f7cbe854078d1ac9338744f61a02 -> 
  custom:container-demuxer-ogg: 62fdf1f143b41e24485cea50d1cbac27 -> 
  custom:video-encoder-webm-vp8: eb34c28f22e8b96e1ab97ce403110664 -> 
  custom:video-decoder-webm-vp8: 9c59270c3fd7afecdb556c50c9e8de78 -> 
  custom:audio-decoder-ogg-vorbis: bf7c407c2cedff20999df2af8eb42d56 -> 
  custom:audio-encoder-webm-vorbis: bf7c407c2cedff20999df2af8eb42d56 -> 
========================================================================
Received Import Request.
  Time since last request: 21.332716 seconds.
  path: Assets/Arif/Behaviour Tree/Scenes/SampleScene.unity
  artifactKey: Guid(cae8f3096df21d042bbc2c4b47dff275) Importer(815301076,1909f56bfc062723c751e8b465ee728b)
Start importing Assets/Arif/Behaviour Tree/Scenes/SampleScene.unity using Guid(cae8f3096df21d042bbc2c4b47dff275) Importer(815301076,1909f56bfc062723c751e8b465ee728b)  -> (artifact id: '7342ad451dcf4d410da6ca73413deb3b') in 0.014536 seconds 
  Import took 0.017366 seconds .

========================================================================
Received Import Request.
  Time since last request: 11.021850 seconds.
  path: Assets/Arif/Turn-Based Mechanic/Scenes/Turn Based Scene.unity
  artifactKey: Guid(9fc0d4010bbf28b4594072e72b8655ab) Importer(815301076,1909f56bfc062723c751e8b465ee728b)
Start importing Assets/Arif/Turn-Based Mechanic/Scenes/Turn Based Scene.unity using Guid(9fc0d4010bbf28b4594072e72b8655ab) Importer(815301076,1909f56bfc062723c751e8b465ee728b)  -> (artifact id: '1aed3f53cd56d20f5123fd10986c6e2b') in 0.001682 seconds 
  Import took 0.004518 seconds .

========================================================================
Received Import Request.
  Time since last request: 51.669089 seconds.
  path: Assets/Arif/Behaviour Tree/Scenes
  artifactKey: Guid(5d5f60abb2659994aab08e9c5fc5f5e0) Importer(815301076,1909f56bfc062723c751e8b465ee728b)
Start importing Assets/Arif/Behaviour Tree/Scenes using Guid(5d5f60abb2659994aab08e9c5fc5f5e0) Importer(815301076,1909f56bfc062723c751e8b465ee728b)  -> (artifact id: 'f9126d7180023828d04d5bcf2d83dafd') in 0.001555 seconds 
  Import took 0.004306 seconds .

========================================================================
Received Import Request.
  Time since last request: 14.817756 seconds.
  path: Assets/Arif/Behaviour Tree/Models/Materials/3DLogoSillouetteWhiteOnPurple.png
  artifactKey: Guid(96e96b17f8e194b9f92b8276be95ac4e) Importer(815301076,1909f56bfc062723c751e8b465ee728b)
Start importing Assets/Arif/Behaviour Tree/Models/Materials/3DLogoSillouetteWhiteOnPurple.png using Guid(96e96b17f8e194b9f92b8276be95ac4e) Importer(815301076,1909f56bfc062723c751e8b465ee728b)  -> (artifact id: '0bcb74f3dd853e9d8a17918d9ab81637') in 0.073220 seconds 
  Import took 0.075854 seconds .

========================================================================
Received Import Request.
  Time since last request: 0.000328 seconds.
  path: Assets/Arif/Behaviour Tree/Easy Primitive People/Prefab/Angel.prefab
  artifactKey: Guid(7f1f123d861e0934ba6d5ba760c21c15) Importer(815301076,1909f56bfc062723c751e8b465ee728b)
Start importing Assets/Arif/Behaviour Tree/Easy Primitive People/Prefab/Angel.prefab using Guid(7f1f123d861e0934ba6d5ba760c21c15) Importer(815301076,1909f56bfc062723c751e8b465ee728b)  -> (artifact id: '589e1537e9418ac341dcd70c12d871f7') in 0.173218 seconds 
  Import took 0.176224 seconds .

========================================================================
Received Import Request.
  Time since last request: 0.000311 seconds.
  path: Assets/Arif/Behaviour Tree/Easy Primitive People/Materials/Denim.mat
  artifactKey: Guid(06e292c9b207d8a428c86ae9e6b5c985) Importer(815301076,1909f56bfc062723c751e8b465ee728b)
Start importing Assets/Arif/Behaviour Tree/Easy Primitive People/Materials/Denim.mat using Guid(06e292c9b207d8a428c86ae9e6b5c985) Importer(815301076,1909f56bfc062723c751e8b465ee728b)  -> (artifact id: '28eb5851792370ed272c3cc077d3b0f1') in 0.016729 seconds 
  Import took 0.018841 seconds .

========================================================================
Received Import Request.
  Time since last request: 0.000319 seconds.
  path: Assets/Arif/Behaviour Tree/Models/Materials/DoorGreen.mat
  artifactKey: Guid(ec52b437c6ac44233bed25782d033875) Importer(815301076,1909f56bfc062723c751e8b465ee728b)
Start importing Assets/Arif/Behaviour Tree/Models/Materials/DoorGreen.mat using Guid(ec52b437c6ac44233bed25782d033875) Importer(815301076,1909f56bfc062723c751e8b465ee728b)  -> (artifact id: 'cfdb3dbd083f6ce70711a22a0fde879d') in 0.215212 seconds 
  Import took 0.217296 seconds .

========================================================================
Received Import Request.
  Time since last request: 0.000320 seconds.
  path: Assets/Akmal's Sound Managers/Sounds/Ambience.wav
  artifactKey: Guid(8aca8bcfd1cb9804f85b474ab8c7e239) Importer(815301076,1909f56bfc062723c751e8b465ee728b)
Start importing Assets/Akmal's Sound Managers/Sounds/Ambience.wav using Guid(8aca8bcfd1cb9804f85b474ab8c7e239) Importer(815301076,1909f56bfc062723c751e8b465ee728b)  -> (artifact id: '2ec9dc8f57447346589abc56049333f8') in 0.069317 seconds 
  Import took 0.071559 seconds .

========================================================================
Received Import Request.
  Time since last request: 0.000391 seconds.
  path: Assets/Arif/Behaviour Tree/Models/Materials/Materials/3DLogoSillouetteWhiteOnPurple.mat
  artifactKey: Guid(1fd3cca59fdab4d29a555a18df5609d1) Importer(815301076,1909f56bfc062723c751e8b465ee728b)
Start importing Assets/Arif/Behaviour Tree/Models/Materials/Materials/3DLogoSillouetteWhiteOnPurple.mat using Guid(1fd3cca59fdab4d29a555a18df5609d1) Importer(815301076,1909f56bfc062723c751e8b465ee728b)  -> (artifact id: '3e8828f097a68abed0a83e435a15fa35') in 0.008853 seconds 
  Import took 0.013172 seconds .

========================================================================
Received Import Request.
  Time since last request: 0.000330 seconds.
  path: Assets/Akmal's Sound Managers/Sounds/GunShot.wav
  artifactKey: Guid(ea00b9cde36b566458ea1711b8c0e493) Importer(815301076,1909f56bfc062723c751e8b465ee728b)
Start importing Assets/Akmal's Sound Managers/Sounds/GunShot.wav using Guid(ea00b9cde36b566458ea1711b8c0e493) Importer(815301076,1909f56bfc062723c751e8b465ee728b)  -> (artifact id: '7f6a0d56008de17f537adcf761d3018f') in 0.026382 seconds 
  Import took 0.029856 seconds .

========================================================================
Received Import Request.
  Time since last request: 0.000995 seconds.
  path: Assets/Arif/Behaviour Tree/Easy Primitive People/Materials/Green.mat
  artifactKey: Guid(7cd0db8b7cab9874c8d3dcd02fb6f49f) Importer(815301076,1909f56bfc062723c751e8b465ee728b)
Start importing Assets/Arif/Behaviour Tree/Easy Primitive People/Materials/Green.mat using Guid(7cd0db8b7cab9874c8d3dcd02fb6f49f) Importer(815301076,1909f56bfc062723c751e8b465ee728b)  -> (artifact id: '9053105174570fbb89fcfda3231f1289') in 0.009792 seconds 
  Import took 0.012719 seconds .

========================================================================
Received Import Request.
  Time since last request: 0.000329 seconds.
  path: Assets/Arif/Behaviour Tree/Easy Primitive People/Materials/Dark Brown.mat
  artifactKey: Guid(49bacf2cc9778004589af42d84598932) Importer(815301076,1909f56bfc062723c751e8b465ee728b)
Start importing Assets/Arif/Behaviour Tree/Easy Primitive People/Materials/Dark Brown.mat using Guid(49bacf2cc9778004589af42d84598932) Importer(815301076,1909f56bfc062723c751e8b465ee728b)  -> (artifact id: '7af6e4a7e87daa13f1cd256b549cf07b') in 0.011849 seconds 
  Import took 0.014783 seconds .

========================================================================
Received Import Request.
  Time since last request: 0.000390 seconds.
  path: Assets/Arif/Behaviour Tree/Easy Primitive People/Materials/Dark Pink.mat
  artifactKey: Guid(50627c534554cca469933baa5dd9676d) Importer(815301076,1909f56bfc062723c751e8b465ee728b)
Start importing Assets/Arif/Behaviour Tree/Easy Primitive People/Materials/Dark Pink.mat using Guid(50627c534554cca469933baa5dd9676d) Importer(815301076,1909f56bfc062723c751e8b465ee728b)  -> (artifact id: 'ed82bcc2c294fc113e85c0ab995e09e5') in 0.009720 seconds 
  Import took 0.014057 seconds .

========================================================================
Received Import Request.
  Time since last request: 4.810957 seconds.
  path: Assets/Arif/Behaviour Tree/Scenes/BTree.unity
  artifactKey: Guid(a41b0310b7ee342e3a9cc4bf20720683) Importer(815301076,1909f56bfc062723c751e8b465ee728b)
Start importing Assets/Arif/Behaviour Tree/Scenes/BTree.unity using Guid(a41b0310b7ee342e3a9cc4bf20720683) Importer(815301076,1909f56bfc062723c751e8b465ee728b)  -> (artifact id: 'bb153a9c0712de58b0613175cb40d53c') in 0.002171 seconds 
  Import took 0.004739 seconds .

========================================================================
Received Prepare
Registering precompiled user dll's ...
Registered in 0.003404 seconds.
Begin MonoManager ReloadAssembly
Native extension for WindowsStandalone target not found
Refreshing native plugins compatible for Editor in 0.31 ms, found 2 plugins.
Preloading 0 native plugins for Editor in 0.00 ms.
Mono: successfully reloaded assembly
- Completed reload, in  0.937 seconds
Domain Reload Profiling:
	ReloadAssembly (937ms)
		BeginReloadAssembly (108ms)
			ExecutionOrderSort (0ms)
			DisableScriptedObjects (4ms)
			BackupInstance (0ms)
			ReleaseScriptingObjects (0ms)
			CreateAndSetChildDomain (28ms)
		EndReloadAssembly (766ms)
			LoadAssemblies (98ms)
			RebuildTransferFunctionScriptingTraits (0ms)
			SetupTypeCache (298ms)
			ReleaseScriptCaches (1ms)
			RebuildScriptCaches (34ms)
			SetupLoadedEditorAssemblies (256ms)
				LogAssemblyErrors (0ms)
				InitializePlatformSupportModulesInManaged (4ms)
				SetLoadedEditorAssemblies (0ms)
				RefreshPlugins (0ms)
				BeforeProcessingInitializeOnLoad (67ms)
				ProcessInitializeOnLoadAttributes (168ms)
				ProcessInitializeOnLoadMethodAttributes (8ms)
				AfterProcessingInitializeOnLoad (8ms)
				EditorAssembliesLoaded (0ms)
			ExecutionOrderSort2 (0ms)
			AwakeInstancesAfterBackupRestoration (6ms)
Platform modules already initialized, skipping
Refreshing native plugins compatible for Editor in 0.31 ms, found 2 plugins.
Preloading 0 native plugins for Editor in 0.00 ms.
Unloading 1514 Unused Serialized files (Serialized files now loaded: 0)
System memory in use before: 73.3 MB.
System memory in use after: 73.4 MB.

Unloading 15 unused Assets to reduce memory usage. Loaded Objects now: 2023.
Total: 4.063600 ms (FindLiveObjects: 0.149500 ms CreateObjectMapping: 0.038400 ms MarkObjects: 3.837200 ms  DeleteObjects: 0.037300 ms)

AssetImportParameters requested are different than current active one (requested -> active):
  custom:framework-win-MediaFoundation: 216162199b28c13a410421893ffa2e32 -> 
  custom:video-decoder-ogg-theora: a1e56fd34408186e4bbccfd4996cb3dc -> 
  custom:container-muxer-webm: aa71ff27fc2769a1b78a27578f13a17b -> 
  custom:container-demuxer-webm: 4f35f7cbe854078d1ac9338744f61a02 -> 
  custom:container-demuxer-ogg: 62fdf1f143b41e24485cea50d1cbac27 -> 
  custom:video-encoder-webm-vp8: eb34c28f22e8b96e1ab97ce403110664 -> 
  custom:video-decoder-webm-vp8: 9c59270c3fd7afecdb556c50c9e8de78 -> 
  custom:audio-decoder-ogg-vorbis: bf7c407c2cedff20999df2af8eb42d56 -> 
  custom:audio-encoder-webm-vorbis: bf7c407c2cedff20999df2af8eb42d56 -> 
